08/23/2020 03:40:12 PM -------------------------------------------------------------
08/23/2020 03:40:14 PM The latest price is 390.45
08/23/2020 03:40:15 PM FRAMA position for each ma pair: 
 {'5_202': -1.0, '5_204': -1.0, '6_203': -1.0, '9_204': -1.0, '11_206': -1.0, '12_206': -1.0, '13_206': -1.0, '13_218': -1.0, '14_219': 1.0, '15_220': -1.0, '25_220': 1.0, '45_220': 1.0}
08/23/2020 03:40:15 PM No new trades
08/23/2020 04:16:22 PM -------------------------------------------------------------
08/23/2020 04:16:22 PM The latest price is 391.16
08/23/2020 04:16:23 PM FRAMA position for each ma pair: 
 {'5_202': -1.0, '5_204': -1.0, '6_203': -1.0, '9_204': -1.0, '11_206': -1.0, '12_206': -1.0, '13_206': -1.0, '13_218': -1.0, '14_219': -1.0, '15_220': 1.0, '25_220': 1.0, '45_220': 1.0}
08/23/2020 04:16:23 PM Trades to execute: 
 {'14_219': -1.0, '15_220': 1.0}
08/23/2020 04:16:23 PM ETH to sell: 0.46061, USDT to sell: 179.14399
08/23/2020 04:16:24 PM BUY ORDER: 
 {'symbol': 'ETHUSDT', 'orderId': 1583413119, 'orderListId': -1, 'clientOrderId': 'VmbcAl51gyzlRiUaFvftLY', 'transactTime': 1598199384086, 'price': '0.00000000', 'origQty': '0.45795000', 'executedQty': '0.45795000', 'cummulativeQuoteQty': '179.14088100', 'status': 'FILLED', 'timeInForce': 'GTC', 'type': 'MARKET', 'side': 'BUY', 'fills': [{'price': '391.18000000', 'qty': '0.45795000', 'commission': '0.00045795', 'commissionAsset': 'ETH', 'tradeId': 176247832}]}
08/23/2020 04:16:24 PM 15_220: eth_bought=0.45749998452927476, av_price=391.18, comm=0.0004579579424717464
08/23/2020 04:16:24 PM SELL ORDER: 
 {'symbol': 'ETHUSDT', 'orderId': 1583413141, 'orderListId': -1, 'clientOrderId': 'kvxmxV9woC2kBqu05FsF3x', 'transactTime': 1598199384317, 'price': '0.00000000', 'origQty': '0.46061000', 'executedQty': '0.46061000', 'cummulativeQuoteQty': '180.17681370', 'status': 'FILLED', 'timeInForce': 'GTC', 'type': 'MARKET', 'side': 'SELL', 'fills': [{'price': '391.17000000', 'qty': '0.46061000', 'commission': '0.18017681', 'commissionAsset': 'USDT', 'tradeId': 176247833}]}
08/23/2020 04:16:24 PM 14_219: usdt_bought=179.99734114354834, av_price=391.17, comm=0.18017751495849235
08/23/2020 04:55:41 PM -------------------------------------------------------------
08/23/2020 04:55:42 PM The latest price is 389.92
08/23/2020 04:55:43 PM FRAMA position for each ma pair: 
 {'5_202': -1.0, '5_204': -1.0, '6_203': -1.0, '9_204': -1.0, '11_206': -1.0, '12_206': -1.0, '13_206': -1.0, '13_218': -1.0, '14_219': -1.0, '15_220': 1.0, '25_220': 1.0, '45_220': 1.0}
08/23/2020 04:55:43 PM No new trades
08/23/2020 05:03:28 PM -------------------------------------------------------------
08/23/2020 05:03:29 PM The latest price is 389.86
08/23/2020 05:03:30 PM FRAMA position for each ma pair: 
 {'5_202': -1.0, '5_204': -1.0, '6_203': -1.0, '9_204': -1.0, '11_206': -1.0, '12_206': -1.0, '13_206': -1.0, '13_218': -1.0, '14_219': -1.0, '15_220': 1.0, '25_220': 1.0, '45_220': 1.0}
08/23/2020 05:03:30 PM No new trades
08/23/2020 05:09:32 PM -------------------------------------------------------------
08/23/2020 05:09:33 PM The latest price is 390.38
08/23/2020 05:09:34 PM FRAMA position for each ma pair: 
 {'5_202': -1.0, '5_204': -1.0, '6_203': -1.0, '9_204': -1.0, '11_206': -1.0, '12_206': -1.0, '13_206': -1.0, '13_218': -1.0, '14_219': -1.0, '15_220': 1.0, '25_220': 1.0, '45_220': 1.0}
08/23/2020 05:09:34 PM No new trades
