time,open,high,low,close,volume,num_trades,qav,taker_buy_bav,taker_buy_qav
2020-07-29 01:59:59.999000,316.77000000,318.82000000,312.38000000,315.23000000,57152.40884000,27385,18012288.64829610,28050.20790000,8844587.98917900
2020-07-29 03:59:59.999000,315.22000000,317.74000000,314.36000000,316.48000000,41062.98672000,18313,12975524.92457650,21925.47119000,6927074.55885110
2020-07-29 05:59:59.999000,316.48000000,319.40000000,314.12000000,318.07000000,56046.61470000,25379,17772857.26763050,29248.46990000,9276236.41778390
2020-07-29 07:59:59.999000,318.05000000,322.76000000,317.63000000,321.11000000,99787.99796000,37127,32041215.44629890,61838.85329000,19859627.35627680
2020-07-29 09:59:59.999000,321.10000000,325.00000000,319.25000000,320.85000000,107879.82237000,45662,34834199.49935370,57610.85285000,18612460.14012480
2020-07-29 11:59:59.999000,320.85000000,323.90000000,320.09000000,323.08000000,62990.42702000,27837,20277113.26131210,31007.93072000,9984050.94844330
2020-07-29 13:59:59.999000,323.07000000,323.44000000,319.67000000,321.98000000,58860.50328000,27146,18945501.57394080,27293.58506000,8786415.94041110
2020-07-29 15:59:59.999000,321.96000000,325.00000000,318.00000000,321.51000000,93099.11936000,38588,30000653.53700880,45004.13461000,14508410.73795470
2020-07-29 17:59:59.999000,321.51000000,323.45000000,319.76000000,320.61000000,64200.50187000,28758,20663583.57035130,29903.16472000,9626763.44505890
2020-07-29 19:59:59.999000,320.63000000,323.20000000,320.54000000,321.67000000,43996.67048000,21401,14173064.67020310,22811.36616000,7349519.91013550
2020-07-29 21:59:59.999000,321.68000000,323.50000000,321.15000000,323.25000000,36468.28916000,19501,11753878.81374140,17886.32509000,5765675.54878700
2020-07-29 23:59:59.999000,323.26000000,323.43000000,315.60000000,317.71000000,71256.97972000,30500,22751780.92069620,30826.80465000,9843098.49719190
2020-07-30 01:59:59.999000,317.76000000,319.46000000,315.25000000,316.43000000,52982.27248000,23961,16829213.22347250,27162.16181000,8628924.89215180
2020-07-30 03:59:59.999000,316.43000000,318.58000000,315.26000000,316.10000000,60119.07865000,23346,19049406.71821280,26879.41843000,8518981.29482990
2020-07-30 05:59:59.999000,316.09000000,318.16000000,315.62000000,316.52000000,38843.29796000,17355,12315430.69365450,19793.11598000,6277362.47971640
2020-07-30 07:59:59.999000,316.53000000,320.17000000,314.05000000,318.99000000,74405.28758000,32005,23643443.65619450,42106.35026000,13386047.97813880
2020-07-30 09:59:59.999000,319.02000000,320.07000000,317.73000000,318.88000000,40507.48044000,21112,12917496.11548970,21474.27209000,6848762.36047180
2020-07-30 11:59:59.999000,318.88000000,318.94000000,316.54000000,317.85000000,39568.62849000,20852,12571593.38579070,19571.76916000,6218431.24020320
2020-07-30 13:59:59.999000,317.84000000,319.86000000,315.40000000,318.70000000,72394.86914000,30338,23051572.92800510,35944.48144000,11446322.65901100
2020-07-30 15:59:59.999000,318.70000000,319.24000000,317.00000000,319.21000000,56664.79570000,25023,18026651.81954870,28885.00361000,9190541.82644080
2020-07-30 17:59:59.999000,319.18000000,324.90000000,318.00000000,324.65000000,119580.60417000,45279,38501324.84668560,66042.61779000,21258573.24674130
2020-07-30 19:59:59.999000,324.69000000,335.58000000,324.69000000,333.25000000,231942.83400000,78029,76551253.75036590,141500.96767000,46682103.46417970
2020-07-30 21:59:59.999000,333.28000000,342.00000000,333.08000000,335.35000000,165494.45347000,63178,55928663.92840140,91419.78265000,30900709.55656490
2020-07-30 23:59:59.999000,335.36000000,337.77000000,333.03000000,334.87000000,56323.96490000,30243,18900401.45246970,27923.69585000,9371300.85214670
2020-07-31 01:59:59.999000,334.82000000,336.58000000,330.00000000,332.68000000,57318.51109000,31800,19101153.06244320,26923.08777000,8975385.92104390
2020-07-31 03:59:59.999000,332.69000000,333.26000000,328.40000000,329.05000000,45213.41562000,27815,14962181.23375540,19310.69135000,6390994.07133200
2020-07-31 05:59:59.999000,329.03000000,333.25000000,328.67000000,332.09000000,46053.26436000,23943,15290005.97428690,25276.81757000,8394748.67227880
2020-07-31 07:59:59.999000,332.10000000,338.38000000,331.96000000,336.81000000,78489.80377000,39376,26420165.94417740,39644.70926000,13344151.85348350
2020-07-31 09:59:59.999000,336.80000000,340.50000000,335.78000000,337.55000000,81651.70643000,42019,27618949.74578030,41933.01831000,14185203.89405880
2020-07-31 11:59:59.999000,337.55000000,346.71000000,337.00000000,343.86000000,139632.59656000,59480,47834055.70222230,79774.72763000,27337084.63442330
2020-07-31 13:59:59.999000,343.85000000,345.47000000,338.71000000,342.69000000,98626.23192000,48163,33797615.23792290,47636.09006000,16326792.99004130
2020-07-31 15:59:59.999000,342.69000000,347.61000000,341.94000000,344.38000000,122480.51683000,55334,42234818.95141430,60286.21780000,20793511.55008660
2020-07-31 17:59:59.999000,344.38000000,345.91000000,340.32000000,342.83000000,97236.49881000,46739,33400101.26520580,46061.79905000,15824478.97248560
2020-07-31 19:59:59.999000,342.83000000,345.50000000,341.36000000,343.71000000,47541.47884000,26005,16336090.93336380,23175.79166000,7965940.97150850
2020-07-31 21:59:59.999000,343.72000000,349.45000000,343.58000000,347.24000000,69891.95238000,30993,24218468.20100150,39542.95082000,13710988.29269560
2020-07-31 23:59:59.999000,347.27000000,347.94000000,342.60000000,346.33000000,63952.47321000,30121,22069374.76434580,29883.16413000,10313031.92648070
2020-08-01 01:59:59.999000,346.32000000,347.77000000,343.07000000,345.22000000,47132.14775000,24087,16272206.93287920,22116.82929000,7635485.01953430
2020-08-01 03:59:59.999000,345.22000000,352.85000000,344.83000000,352.26000000,114560.88863000,41275,40003940.74073590,70430.25563000,24597954.90290000
2020-08-01 05:59:59.999000,352.26000000,358.33000000,350.50000000,355.59000000,137406.22888000,57782,48800373.23109860,74180.41367000,26350058.04428300
2020-08-01 07:59:59.999000,355.60000000,357.41000000,353.99000000,354.99000000,80234.19814000,36187,28526436.22048610,40692.02014000,14469269.79974920
2020-08-01 09:59:59.999000,354.99000000,360.52000000,354.92000000,359.21000000,91138.50266000,38088,32601857.75636210,47946.84615000,17161145.28288910
2020-08-01 11:59:59.999000,359.21000000,359.96000000,352.00000000,356.13000000,97804.24188000,41313,34778641.57041120,46620.42754000,16576298.64344010
2020-08-01 13:59:59.999000,356.13000000,357.59000000,352.79000000,353.52000000,63344.26042000,32590,22506336.21262490,29362.59098000,10432984.83723140
2020-08-01 15:59:59.999000,353.53000000,358.00000000,353.17000000,357.89000000,48316.23585000,27595,17190293.69569830,26102.85214000,9288345.84122710
2020-08-01 17:59:59.999000,357.90000000,373.50000000,357.48000000,373.25000000,226687.86681000,83719,82868860.98976050,134406.47859000,49125344.36595590
2020-08-01 19:59:59.999000,373.20000000,388.80000000,363.75000000,383.30000000,286398.91136000,101798,108398000.26618360,146467.94178000,55480888.79510070
2020-08-01 21:59:59.999000,383.35000000,392.67000000,382.47000000,384.34000000,141054.36441000,62385,54588864.57367310,70887.04990000,27445404.76783610
2020-08-01 23:59:59.999000,384.34000000,388.07000000,378.08000000,387.00000000,106765.49524000,52081,41007632.67297060,54711.89985000,21022703.09685480
2020-08-02 01:59:59.999000,387.01000000,399.36000000,385.60000000,399.29000000,155954.96441000,70485,61281241.02473200,83707.06440000,32898417.42623280
2020-08-02 03:59:59.999000,399.30000000,408.00000000,394.70000000,407.41000000,148749.07147000,62073,59475772.30029340,79827.70565000,31919730.35958810
2020-08-02 05:59:59.999000,407.35000000,415.85000000,325.00000000,370.32000000,651368.67434000,242245,247121086.00353530,317292.03174000,120742939.19379270
2020-08-02 07:59:59.999000,370.37000000,382.62000000,367.14000000,380.21000000,173698.91014000,88993,65134009.51663890,87311.25154000,32753758.14790230
2020-08-02 09:59:59.999000,380.29000000,381.50000000,371.80000000,377.77000000,107165.05441000,56207,40430009.40775780,52218.09792000,19703740.95558440
2020-08-02 11:59:59.999000,377.79000000,378.62000000,354.32000000,361.55000000,271019.22374000,97053,98942126.29958470,120839.88341000,44171549.29410630
2020-08-02 13:59:59.999000,361.64000000,367.99000000,357.50000000,365.22000000,144209.68022000,67816,52405264.73856490,67266.52395000,24448213.21890750
2020-08-02 15:59:59.999000,365.24000000,372.44000000,361.28000000,368.13000000,124285.39705000,47755,45751002.98651610,68018.74023000,25034022.49023510
2020-08-02 17:59:59.999000,368.18000000,388.61000000,367.88000000,384.73000000,230768.11982000,82748,87948953.36379800,117397.16585000,44740761.53407310
2020-08-02 19:59:59.999000,384.73000000,386.87000000,372.00000000,379.22000000,131135.59287000,55398,49913004.94891150,64735.76978000,24631400.44506260
2020-08-02 21:59:59.999000,379.20000000,380.13000000,369.01000000,377.50000000,104372.42814000,48087,39189634.77441450,49840.68057000,18714399.27131960
2020-08-02 23:59:59.999000,377.53000000,381.30000000,368.10000000,372.42000000,82181.97955000,41975,30804930.93277200,39347.73419000,14756703.15275370
2020-08-03 01:59:59.999000,372.45000000,383.94000000,366.50000000,379.73000000,114427.16500000,56398,43176437.33647080,57833.35873000,21828710.82925420
2020-08-03 03:59:59.999000,379.74000000,385.82000000,377.84000000,379.62000000,72644.15751000,34255,27762387.69764090,35978.78375000,13753165.60705540
2020-08-03 05:59:59.999000,379.62000000,384.59000000,379.15000000,384.45000000,46056.23256000,24700,17579978.71965260,20619.93800000,7871064.29782500
2020-08-03 07:59:59.999000,384.52000000,387.20000000,382.33000000,384.65000000,71718.92913000,34645,27618103.93204180,38146.30338000,14690130.05213650
2020-08-03 09:59:59.999000,384.64000000,386.21000000,380.22000000,380.54000000,70283.33588000,32593,26949626.87398580,33562.41944000,12872480.64265100
2020-08-03 11:59:59.999000,380.55000000,392.66000000,380.33000000,390.93000000,133309.40136000,53533,51635032.53909160,72511.23359000,28091366.43310830
2020-08-03 13:59:59.999000,390.97000000,395.00000000,386.55000000,393.22000000,117461.15208000,53290,45923467.28284210,55835.84286000,21834793.69552080
2020-08-03 15:59:59.999000,393.20000000,398.00000000,388.34000000,393.67000000,159624.42455000,67789,62945312.25648000,80684.14221000,31823028.45005890
2020-08-03 17:59:59.999000,393.66000000,397.96000000,389.01000000,394.97000000,143759.40867000,59037,56623738.00529690,73921.54104000,29116698.78126000
2020-08-03 19:59:59.999000,394.99000000,396.00000000,390.71000000,393.57000000,64190.15517000,28948,25247918.35630610,32151.67657000,12649238.28588660
2020-08-03 21:59:59.999000,393.57000000,394.55000000,380.70000000,384.24000000,93704.95292000,39186,36509036.95353480,40816.64880000,15915614.43218470
2020-08-03 23:59:59.999000,384.23000000,390.39000000,379.91000000,385.94000000,104385.77906000,50429,40199547.52515930,52126.79465000,20083051.88531190
2020-08-04 01:59:59.999000,385.91000000,402.98000000,385.77000000,397.82000000,182747.62170000,77152,72584946.47520640,98052.84097000,38958921.49328360
2020-08-04 03:59:59.999000,397.82000000,399.63000000,386.92000000,391.08000000,119516.67526000,51560,47038694.08582760,54614.30203000,21491952.59085820
2020-08-04 05:59:59.999000,391.07000000,394.77000000,388.52000000,392.95000000,74069.83238000,33394,29045626.70843420,36264.89630000,14220146.77335860
2020-08-04 07:59:59.999000,392.94000000,395.60000000,388.92000000,394.73000000,63344.57576000,27165,24877649.71926240,31708.06735000,12456291.10528600
2020-08-04 09:59:59.999000,394.71000000,397.21000000,390.50000000,392.01000000,91882.80873000,36101,36147773.67300370,45916.00986000,18071998.16451720
2020-08-04 11:59:59.999000,392.00000000,394.45000000,381.58000000,385.80000000,156213.95906000,61635,60841012.01608850,74574.14718000,29068961.76972980
2020-08-04 13:59:59.999000,385.80000000,388.91000000,380.77000000,383.97000000,153622.94515000,60088,59187107.57248280,72134.00010000,27794009.72590050
2020-08-04 15:59:59.999000,383.97000000,391.67000000,383.97000000,390.30000000,97958.10638000,40192,38067110.49965380,46989.70685000,18258175.19519010
2020-08-04 17:59:59.999000,390.31000000,392.55000000,385.18000000,389.76000000,77801.86739000,36506,30225985.78797330,38456.93780000,14941834.55315960
2020-08-04 19:59:59.999000,389.75000000,390.43000000,385.32000000,386.61000000,46263.61472000,25992,17930648.40600610,22113.29023000,8573008.69687250
2020-08-04 21:59:59.999000,386.61000000,392.55000000,386.61000000,391.41000000,47603.85057000,25132,18539746.94363200,25324.65771000,9865004.83723080
2020-08-04 23:59:59.999000,391.42000000,393.95000000,387.75000000,389.61000000,69766.56669000,28418,27308120.31729770,34481.24174000,13499079.31676590
2020-08-05 01:59:59.999000,389.59000000,392.00000000,384.11000000,388.40000000,73471.26745000,32979,28484537.59474790,33729.45666000,13080607.31073610
2020-08-05 03:59:59.999000,388.45000000,389.60000000,386.07000000,389.39000000,47704.51434000,22637,18510666.13102640,23217.56256000,9009169.07798260
2020-08-05 05:59:59.999000,389.39000000,391.48000000,387.08000000,391.40000000,68312.43158000,24343,26572211.15549450,33243.33059000,12932352.74224710
2020-08-05 07:59:59.999000,391.39000000,394.00000000,389.34000000,390.04000000,81998.53033000,29997,32140900.51305200,42190.80117000,16541433.40388000
2020-08-05 09:59:59.999000,390.05000000,393.80000000,388.70000000,393.17000000,86615.53174000,30816,33892668.28815980,44546.38800000,17431718.58095040
2020-08-05 11:59:59.999000,393.20000000,397.75000000,391.05000000,397.35000000,105892.52722000,39604,41796456.68955810,54044.67777000,21336918.34158810
2020-08-05 13:59:59.999000,397.34000000,401.43000000,395.15000000,398.98000000,142515.73634000,55938,56764707.79390420,73975.06120000,29478146.35786740
2020-08-05 15:59:59.999000,398.96000000,399.37000000,390.22000000,395.30000000,117744.29125000,50764,46539443.28866280,54991.89943000,21737113.48827700
2020-08-05 17:59:59.999000,395.30000000,402.00000000,393.60000000,397.26000000,108018.72536000,46568,42937035.18250560,55387.61837000,22026086.05364580
2020-08-05 19:59:59.999000,397.27000000,400.48000000,396.30000000,398.56000000,64658.75127000,26528,25768131.70953100,34412.14139000,13716350.48658830
2020-08-05 21:59:59.999000,398.56000000,407.00000000,397.50000000,405.30000000,98407.86860000,44476,39633655.03209860,57681.36270000,23237440.20002370
2020-08-05 23:59:59.999000,405.30000000,405.50000000,391.00000000,400.72000000,128778.89172000,55072,51294683.77065210,61666.23464000,24574309.69273870
2020-08-06 01:59:59.999000,400.72000000,403.66000000,396.32000000,397.61000000,80865.89792000,39225,32314044.88360710,38249.53489000,15285154.47086760
2020-08-06 03:59:59.999000,397.61000000,397.76000000,394.58000000,395.23000000,62459.12417000,28603,24745266.73561270,28995.48217000,11488998.86223440
2020-08-06 05:59:59.999000,395.27000000,395.82000000,392.30000000,394.53000000,73872.40869000,33295,29115140.96111220,35400.74488000,13951616.31719310
2020-08-06 07:59:59.999000,394.50000000,397.11000000,394.10000000,394.90000000,42097.03243000,20413,16668108.76788430,20543.58294000,8134789.84651050
2020-08-06 09:59:59.999000,394.91000000,397.90000000,394.40000000,396.41000000,57569.14747000,27789,22835362.10390380,29158.48605000,11566418.60896910
2020-08-06 11:59:59.999000,396.41000000,396.54000000,393.11000000,394.50000000,59647.03552000,29780,23553497.52683960,27700.19102000,10938701.35718290
2020-08-06 13:59:59.999000,394.51000000,399.57000000,394.34000000,399.19000000,85649.79131000,37098,34032367.01602350,46837.53404000,18608650.73581940
2020-08-06 15:59:59.999000,399.19000000,400.87000000,394.60000000,399.15000000,100541.62389000,45055,40022942.66413880,51320.54483000,20439052.04457750
2020-08-06 17:59:59.999000,399.18000000,400.09000000,395.18000000,396.76000000,82144.39041000,37656,32660353.43208250,39689.37417000,15780217.70564090
2020-08-06 19:59:59.999000,396.77000000,398.36000000,394.33000000,396.73000000,56274.27966000,28055,22312981.92079550,29607.78092000,11742343.98809350
2020-08-06 21:59:59.999000,396.72000000,398.10000000,392.28000000,395.23000000,55995.26689000,29332,22169214.40752480,25463.20660000,10083148.12284360
2020-08-06 23:59:59.999000,395.23000000,396.08000000,390.51000000,394.77000000,64263.08561000,32228,25289137.29648210,30063.40053000,11833103.08684730
2020-08-07 01:59:59.999000,394.77000000,398.26000000,393.74000000,397.05000000,53135.23199000,26157,21054926.06974830,30082.94765000,11923511.15597540
2020-08-07 03:59:59.999000,397.05000000,398.12000000,395.26000000,395.43000000,34322.78936000,18821,13618304.51631340,18168.09721000,7209635.50068050
2020-08-07 05:59:59.999000,395.45000000,396.20000000,393.26000000,394.50000000,37759.13564000,20155,14903435.38644360,17646.62818000,6965227.68852480
2020-08-07 07:59:59.999000,394.49000000,395.72000000,393.21000000,394.13000000,31391.05055000,16246,12380175.25242430,17431.97996000,6875610.21289740
2020-08-07 09:59:59.999000,394.14000000,397.43000000,392.17000000,395.90000000,58787.28644000,27647,23247821.11173020,30971.44032000,12249233.68490980
2020-08-07 11:59:59.999000,395.88000000,396.52000000,392.96000000,394.13000000,51610.41243000,21132,20367498.96729720,25110.88617000,9910611.27808550
2020-08-07 13:59:59.999000,394.11000000,395.54000000,391.80000000,393.98000000,53054.27629000,22810,20888993.20896720,26191.52439000,10314788.58321060
2020-08-07 15:59:59.999000,393.97000000,394.07000000,376.75000000,385.49000000,173529.45546000,73505,66958017.55384140,76326.43554000,29431996.14150030
2020-08-07 17:59:59.999000,385.47000000,386.89000000,362.85000000,373.56000000,286074.67759000,113935,107221417.69095610,125374.36737000,47015162.33904360
2020-08-07 19:59:59.999000,373.55000000,376.81000000,364.60000000,374.36000000,153089.39529000,67868,56870698.67043250,76027.48565000,28270499.21481930
2020-08-07 21:59:59.999000,374.36000000,380.00000000,373.06000000,379.29000000,62592.57077000,32658,23646728.94200690,33076.62143000,12496170.45961260
2020-08-07 23:59:59.999000,379.28000000,383.23000000,378.07000000,379.34000000,45861.07765000,25614,17467549.69375090,23382.41282000,8907111.26308430
2020-08-08 01:59:59.999000,379.34000000,382.73000000,375.79000000,381.41000000,51871.93152000,24758,19697326.66416860,24512.86465000,9306068.37993510
2020-08-08 03:59:59.999000,381.41000000,382.43000000,376.86000000,378.01000000,33697.25526000,18505,12783267.60952500,16354.60314000,6203680.61785620
2020-08-08 05:59:59.999000,378.01000000,381.09000000,377.13000000,380.43000000,31749.72462000,17491,12030050.89537380,14760.74577000,5593013.58363350
2020-08-08 07:59:59.999000,380.42000000,381.56000000,379.72000000,379.97000000,26319.35391000,15199,10011978.88179140,13901.44853000,5288255.73550620
2020-08-08 09:59:59.999000,379.96000000,386.17000000,377.95000000,385.86000000,56959.85671000,27503,21752131.69944970,31355.78754000,11970238.91102510
2020-08-08 11:59:59.999000,385.86000000,392.23000000,384.16000000,391.61000000,77470.62481000,36504,30100109.19578190,39274.15350000,15269012.55030690
2020-08-08 13:59:59.999000,391.62000000,393.22000000,388.95000000,390.19000000,67946.54230000,26557,26572290.52790740,36123.00254000,14128097.85772650
2020-08-08 15:59:59.999000,390.19000000,392.48000000,387.56000000,390.46000000,58459.22937000,24775,22815841.41174130,32919.15062000,12853268.22577760
2020-08-08 17:59:59.999000,390.47000000,392.55000000,385.79000000,391.57000000,81917.87140000,34846,31867248.70393270,45382.56860000,17666874.84554540
2020-08-08 19:59:59.999000,391.54000000,391.57000000,387.00000000,389.26000000,42595.16010000,24792,16604037.88420410,20440.37702000,7968970.78404160
2020-08-08 21:59:59.999000,389.26000000,391.23000000,386.52000000,391.20000000,36431.93945000,21731,14168630.63751960,17122.22597000,6660138.16939160
2020-08-08 23:59:59.999000,391.20000000,397.05000000,388.51000000,397.03000000,57610.29108000,27916,22596283.91288970,33613.94893000,13198229.43443670
2020-08-09 01:59:59.999000,397.05000000,400.00000000,392.77000000,395.62000000,116683.06560000,54308,46373636.68957830,60897.00612000,24212701.94771270
2020-08-09 03:59:59.999000,395.62000000,397.40000000,394.51000000,394.87000000,34316.76285000,20487,13587074.51671370,17547.25144000,6948304.89289230
2020-08-09 05:59:59.999000,394.86000000,395.72000000,392.53000000,392.53000000,32961.74358000,18340,12992676.19698980,15990.67845000,6304467.28407160
2020-08-09 07:59:59.999000,392.54000000,395.60000000,392.30000000,395.34000000,28398.19469000,15610,11190394.46190380,14822.58318000,5841601.30564310
2020-08-09 09:59:59.999000,395.34000000,396.37000000,383.36000000,389.35000000,65698.45849000,33681,25739405.55598900,30660.04223000,12030087.25868930
2020-08-09 11:59:59.999000,389.36000000,393.28000000,387.00000000,391.89000000,50839.39044000,27078,19847512.02347130,23647.57189000,9235270.79478060
2020-08-09 13:59:59.999000,391.88000000,391.90000000,386.37000000,387.57000000,50938.71848000,27030,19798771.60827200,23227.96454000,9033120.89131720
2020-08-09 15:59:59.999000,387.58000000,388.60000000,384.00000000,386.66000000,55920.74001000,31055,21594493.75770190,24802.84417000,9582496.44635010
2020-08-09 17:59:59.999000,386.64000000,391.38000000,384.34000000,385.08000000,52181.65447000,30968,20234861.93274310,26342.06957000,10222246.58804570
2020-08-09 19:59:59.999000,385.09000000,391.13000000,385.02000000,389.48000000,35621.26656000,20416,13857128.89588490,18447.52616000,7175155.79653920
2020-08-09 21:59:59.999000,389.48000000,394.30000000,388.01000000,389.17000000,39114.56471000,21935,15311125.33861320,22576.95403000,8840731.00687550
2020-08-09 23:59:59.999000,389.17000000,391.27000000,387.20000000,390.14000000,32226.02145000,18203,12530381.94953580,15092.63933000,5868309.78446390
2020-08-10 01:59:59.999000,390.14000000,395.17000000,390.14000000,394.80000000,56576.45318000,30014,22188324.46969780,29877.40976000,11720519.54439060
2020-08-10 03:59:59.999000,394.74000000,398.37000000,392.99000000,397.17000000,127438.61137000,62927,50522800.62077680,63935.39347000,25353403.07725970
2020-08-10 05:59:59.999000,397.18000000,399.18000000,393.02000000,394.68000000,95770.54976000,36558,37919987.30541430,54259.38420000,21485365.56698600
2020-08-10 07:59:59.999000,394.66000000,396.65000000,393.80000000,395.02000000,49178.88957000,25009,19450411.68932220,24360.38549000,9634271.81325640
2020-08-10 09:59:59.999000,395.04000000,396.60000000,393.44000000,394.30000000,59495.13544000,26746,23512211.89077750,27471.93649000,10856969.06063140
2020-08-10 11:59:59.999000,394.30000000,395.49000000,385.13000000,391.02000000,100231.34436000,45912,39148790.69655050,45376.45063000,17728622.86781060
2020-08-10 13:59:59.999000,391.01000000,396.00000000,390.33000000,395.90000000,68719.66009000,33631,27058026.29484430,36269.10738000,14283543.31040490
2020-08-10 15:59:59.999000,395.91000000,397.00000000,391.80000000,396.79000000,63145.55871000,29792,24952187.71939330,31688.48343000,12523664.83284140
2020-08-10 17:59:59.999000,396.78000000,397.64000000,393.00000000,397.13000000,78200.25415000,36188,30937258.46999280,36356.42197000,14387211.22507880
2020-08-10 19:59:59.999000,397.14000000,398.60000000,394.34000000,395.55000000,55792.66462000,28440,22125293.45536390,28450.73151000,11285203.51194880
2020-08-10 21:59:59.999000,395.57000000,396.73000000,391.56000000,393.53000000,39238.57030000,21932,15475860.13369800,16427.48180000,6480860.43964170
2020-08-10 23:59:59.999000,393.50000000,395.81000000,391.67000000,395.44000000,33182.21478000,17974,13081282.15122770,15200.15956000,5992566.45548250
2020-08-11 01:59:59.999000,395.43000000,397.63000000,393.57000000,397.14000000,50550.82179000,25096,20016834.20590620,24450.71755000,9684804.35488660
2020-08-11 03:59:59.999000,397.11000000,398.21000000,392.70000000,394.17000000,58926.23832000,29251,23339805.25223400,30034.49612000,11899608.77799800
2020-08-11 05:59:59.999000,394.17000000,396.35000000,392.70000000,395.10000000,40736.65899000,20678,16071720.72115710,21212.11501000,8369358.03676840
2020-08-11 07:59:59.999000,395.10000000,395.10000000,388.68000000,390.98000000,77779.41345000,34895,30458527.74074360,34604.41709000,13552189.70241710
2020-08-11 09:59:59.999000,390.98000000,392.40000000,388.68000000,389.57000000,53528.29000000,29345,20901827.42122010,24315.02141000,9495837.18895670
2020-08-11 11:59:59.999000,389.57000000,392.31000000,387.41000000,391.49000000,56389.73048000,27263,22003146.67807680,26878.59390000,10491311.40027960
2020-08-11 13:59:59.999000,391.46000000,391.46000000,382.60000000,388.96000000,145470.62881000,57389,56230457.37342620,64375.15208000,24890639.91115700
2020-08-11 15:59:59.999000,388.95000000,389.13000000,377.40000000,382.28000000,120473.13641000,51344,46225731.04522560,54039.14451000,20740769.17592410
2020-08-11 17:59:59.999000,382.26000000,386.56000000,376.24000000,385.72000000,110474.42746000,51843,42229491.14111970,55350.99503000,21166494.15428880
2020-08-11 19:59:59.999000,385.72000000,385.75000000,378.69000000,380.53000000,52530.23860000,27302,20035262.99398790,25442.96225000,9703227.04663570
2020-08-11 21:59:59.999000,380.53000000,380.56000000,367.00000000,373.96000000,152329.62368000,70325,56897543.24570730,64067.13483000,23930780.77438580
2020-08-11 23:59:59.999000,373.96000000,381.90000000,372.28000000,379.00000000,73223.39431000,34892,27571266.80286780,40317.92098000,15181047.88385170
2020-08-12 01:59:59.999000,378.99000000,380.53000000,375.80000000,378.11000000,53147.85891000,26711,20112183.66073620,27005.41722000,10216948.50649990
2020-08-12 03:59:59.999000,378.12000000,378.78000000,372.38000000,377.38000000,66123.38938000,28878,24788784.86600970,33451.16071000,12541920.84016500
2020-08-12 05:59:59.999000,377.36000000,377.93000000,369.50000000,369.79000000,69742.47386000,30248,26041119.30021800,32985.35641000,12322606.10427830
2020-08-12 07:59:59.999000,369.78000000,380.68000000,365.85000000,379.09000000,104946.31092000,41812,39259382.54115440,51368.04599000,19227860.98265430
2020-08-12 09:59:59.999000,379.10000000,382.00000000,377.45000000,380.86000000,72788.76244000,32215,27643999.51914820,35464.73609000,13468258.71593300
2020-08-12 11:59:59.999000,380.87000000,384.80000000,380.13000000,381.72000000,68718.22666000,31904,26307061.03106810,35518.67438000,13596375.61848720
2020-08-12 13:59:59.999000,381.72000000,386.50000000,379.74000000,386.31000000,60594.39474000,28538,23225952.38668090,31504.40042000,12077438.92676960
2020-08-12 15:59:59.999000,386.32000000,386.99000000,383.54000000,385.01000000,61054.31525000,30793,23514007.63592000,31618.63190000,12178802.26788190
2020-08-12 17:59:59.999000,385.09000000,386.27000000,380.06000000,383.50000000,64233.27711000,30157,24600455.85949410,31349.17670000,12007733.14603720
2020-08-12 19:59:59.999000,383.48000000,388.85000000,382.06000000,386.93000000,57295.83490000,26238,22092474.62963550,32213.81628000,12422449.28790890
2020-08-12 21:59:59.999000,386.97000000,389.23000000,382.41000000,382.81000000,37635.89523000,21101,14540408.25398580,18320.69537000,7079952.55587180
2020-08-12 23:59:59.999000,382.82000000,388.00000000,382.80000000,387.18000000,35568.05890000,20487,13746637.96004280,18076.72346000,6986748.77811060
2020-08-13 01:59:59.999000,387.18000000,394.90000000,386.48000000,391.81000000,110652.45458000,44635,43356028.55465000,64138.66110000,25131684.05854850
2020-08-13 03:59:59.999000,391.82000000,394.56000000,390.00000000,394.54000000,68003.61838000,30750,26682057.77568050,36146.58337000,14185207.26472160
2020-08-13 05:59:59.999000,394.54000000,396.10000000,390.70000000,391.77000000,76774.82188000,33751,30222679.37853830,40106.82060000,15796593.88681690
2020-08-13 07:59:59.999000,391.77000000,392.92000000,388.81000000,389.55000000,60719.30252000,28930,23747172.83555920,30057.53109000,11756385.94737840
2020-08-13 09:59:59.999000,389.55000000,389.91000000,376.59000000,386.40000000,152065.80619000,70090,58301729.89764250,70901.39034000,27186102.00380730
2020-08-13 11:59:59.999000,386.40000000,397.50000000,383.00000000,393.79000000,185226.85880000,72619,72623500.56372100,97672.39765000,38305727.39459420
2020-08-13 13:59:59.999000,393.85000000,395.26000000,384.38000000,390.79000000,132235.78814000,63426,51551528.97868780,64120.21654000,25007049.49935220
2020-08-13 15:59:59.999000,390.80000000,393.25000000,388.58000000,392.59000000,61558.32077000,32638,24075081.70371230,32604.79512000,12751719.86994790
2020-08-13 17:59:59.999000,392.57000000,393.85000000,387.66000000,392.19000000,57167.29056000,29321,22366188.99088400,26886.86350000,10520586.71111890
2020-08-13 19:59:59.999000,392.18000000,395.00000000,391.01000000,393.77000000,39674.56085000,17710,15600739.87241910,21889.25752000,8609779.27159660
2020-08-13 21:59:59.999000,393.78000000,422.19000000,393.78000000,418.67000000,329850.87027000,124331,135431490.24988380,181155.46776000,74184087.22440410
2020-08-13 23:59:59.999000,418.59000000,431.49000000,418.59000000,424.54000000,237401.08026000,86777,100852776.33047850,120569.65928000,51222357.86410610
2020-08-14 01:59:59.999000,424.54000000,430.00000000,421.61000000,424.83000000,123486.37295000,53653,52580016.33664340,61527.56380000,26202619.47291930
2020-08-14 03:59:59.999000,424.83000000,426.34000000,417.05000000,421.05000000,94306.26937000,40357,39767975.99003330,44361.56787000,18710137.63353280
2020-08-14 05:59:59.999000,421.02000000,425.33000000,420.46000000,420.72000000,78298.70135000,35936,33096212.02718140,39430.50180000,16668692.57647310
2020-08-14 07:59:59.999000,420.72000000,423.70000000,418.87000000,422.22000000,70273.44376000,34509,29610737.12166290,34187.56387000,14404034.12807920
2020-08-14 09:59:59.999000,422.20000000,425.45000000,421.40000000,423.76000000,79883.16483000,36714,33825838.81674450,42032.86551000,17799594.18475050
2020-08-14 11:59:59.999000,423.76000000,428.68000000,422.46000000,428.04000000,84748.83873000,38387,36062709.49126930,46843.09456000,19934765.03640420
2020-08-14 13:59:59.999000,428.02000000,428.04000000,422.57000000,425.78000000,72727.01794000,34237,30942506.85563780,36588.85092000,15564644.37946970
2020-08-14 15:59:59.999000,425.73000000,437.45000000,422.03000000,436.40000000,113350.85591000,52738,48637021.02976060,59126.00357000,25376261.27759080
2020-08-14 17:59:59.999000,436.50000000,444.71000000,433.74000000,440.06000000,210025.45108000,83450,92408416.34422500,101859.73458000,44824301.73149410
2020-08-14 19:59:59.999000,440.08000000,443.95000000,438.77000000,440.84000000,74906.29527000,36159,33092987.93135390,35351.67617000,15620022.81392170
2020-08-14 21:59:59.999000,440.85000000,442.40000000,434.44000000,437.76000000,62196.25729000,31214,27263168.75817160,27347.04064000,11990093.47091030
2020-08-14 23:59:59.999000,437.80000000,440.28000000,435.03000000,438.11000000,45468.27476000,25281,19892989.35914880,23010.43321000,10067653.87132530
2020-08-15 01:59:59.999000,438.12000000,441.50000000,435.45000000,441.08000000,67291.73576000,36230,29509261.98285580,33994.22686000,14911908.70070810
2020-08-15 03:59:59.999000,441.09000000,442.94000000,437.80000000,439.12000000,39946.58385000,23083,17584340.94383880,21231.85003000,9349532.08562840
2020-08-15 05:59:59.999000,439.13000000,440.26000000,435.50000000,439.05000000,47565.22782000,22690,20823066.62432340,22877.82490000,10017846.54236980
2020-08-15 07:59:59.999000,439.05000000,440.00000000,436.28000000,437.02000000,38447.98528000,20190,16835021.63727620,18387.23587000,8050918.03292930
2020-08-15 09:59:59.999000,437.07000000,438.65000000,427.02000000,436.10000000,90532.22805000,44182,39267062.20276630,43494.61014000,18870667.22932140
2020-08-15 11:59:59.999000,436.16000000,438.27000000,433.75000000,434.13000000,44774.38517000,24914,19526666.63820590,20651.85099000,9007321.39397180
2020-08-15 13:59:59.999000,434.13000000,436.80000000,428.80000000,431.91000000,89971.34292000,44161,38954580.23338790,42680.22971000,18483828.64879920
2020-08-15 15:59:59.999000,431.92000000,438.00000000,428.37000000,435.59000000,75256.41747000,36394,32639039.76920970,37754.06198000,16374320.04130450
2020-08-15 17:59:59.999000,435.59000000,439.10000000,432.90000000,434.96000000,53740.60077000,29040,23433617.08996150,26360.92374000,11494830.59869170
2020-08-15 19:59:59.999000,434.92000000,436.23000000,431.87000000,431.90000000,35394.97597000,18608,15373546.33011150,16818.62301000,7306115.71689370
2020-08-15 21:59:59.999000,431.92000000,434.58000000,428.56000000,432.80000000,54125.87643000,28547,23382882.81147660,25551.02428000,11040108.06955330
2020-08-15 23:59:59.999000,432.88000000,435.66000000,429.07000000,432.32000000,44651.23761000,23338,19323884.21890580,22552.26834000,9761225.28534660
2020-08-16 01:59:59.999000,432.30000000,433.30000000,421.48000000,429.97000000,74304.60442000,39018,31790061.43325210,33914.24135000,14519228.73340900
2020-08-16 03:59:59.999000,429.98000000,430.00000000,426.00000000,426.75000000,41346.25704000,21850,17685900.98411130,21459.40603000,9180089.81555950
2020-08-16 05:59:59.999000,426.75000000,429.65000000,425.66000000,428.80000000,30135.91083000,16130,12895864.33464170,15714.09339000,6724680.86678310
2020-08-16 07:59:59.999000,428.75000000,429.28000000,426.13000000,426.65000000,32137.60293000,18129,13744957.32359100,14630.30964000,6257885.34926820
2020-08-16 09:59:59.999000,426.64000000,428.16000000,424.06000000,427.16000000,43480.52363000,23182,18544019.74964430,19478.52604000,8309229.70544360
2020-08-16 11:59:59.999000,427.12000000,427.58000000,416.25000000,417.86000000,101378.53099000,47969,42717326.08362820,46517.62406000,19606720.99536840
2020-08-16 13:59:59.999000,417.84000000,423.57000000,412.47000000,422.87000000,118763.46976000,56378,49613194.53789440,59869.98746000,25013688.11252410
2020-08-16 15:59:59.999000,422.81000000,432.04000000,421.89000000,430.34000000,66798.49991000,34934,28434937.33866700,34600.51890000,14732084.42344600
2020-08-16 17:59:59.999000,430.33000000,436.99000000,428.70000000,430.51000000,95773.83286000,46605,41516257.24808780,45293.83751000,19638134.19130070
2020-08-16 19:59:59.999000,430.51000000,431.98000000,428.64000000,429.27000000,28705.14599000,18953,12347053.50738280,13256.08454000,5702301.68378070
2020-08-16 21:59:59.999000,429.26000000,433.50000000,426.52000000,431.37000000,46970.95996000,26577,20213380.78406990,21133.13120000,9098336.78269380
2020-08-16 23:59:59.999000,431.40000000,434.74000000,429.67000000,433.62000000,36870.91426000,22082,15942932.49169950,19274.50159000,8334258.60375540
2020-08-17 01:59:59.999000,433.61000000,435.00000000,424.70000000,427.82000000,62466.85019000,31417,26788290.67670160,32797.08324000,14064929.86530020
2020-08-17 03:59:59.999000,427.81000000,428.56000000,421.56000000,425.66000000,58467.87870000,31609,24836700.90739670,26257.88019000,11153745.33874660
2020-08-17 05:59:59.999000,425.70000000,426.00000000,421.13000000,421.90000000,45034.35736000,24810,19079570.33370590,23167.13772000,9817022.18245360
2020-08-17 07:59:59.999000,421.90000000,426.35000000,420.37000000,423.60000000,40898.48239000,24150,17340213.42222000,20652.17793000,8759176.10722800
2020-08-17 09:59:59.999000,423.60000000,429.96000000,423.26000000,425.93000000,57562.35552000,30808,24589371.47101050,29304.85774000,12519817.45091440
2020-08-17 11:59:59.999000,425.94000000,428.84000000,424.74000000,428.14000000,53148.14896000,29685,22686639.33653090,26394.74471000,11266651.21083120
2020-08-17 13:59:59.999000,428.15000000,431.94000000,422.35000000,429.81000000,120925.81790000,60807,51766792.11420670,60789.82122000,26033711.59739130
2020-08-17 15:59:59.999000,429.81000000,440.88000000,427.00000000,440.87000000,143781.25387000,65790,62344257.91064110,75645.34763000,32834678.83554340
2020-08-17 17:59:59.999000,440.87000000,446.00000000,437.50000000,440.94000000,135843.50926000,61655,59914211.08241690,72526.78709000,31996274.80497900
2020-08-17 19:59:59.999000,440.95000000,442.07000000,434.84000000,437.37000000,45700.07982000,25356,20012285.76847440,21160.38723000,9267711.16366680
2020-08-17 21:59:59.999000,437.39000000,439.44000000,435.20000000,438.30000000,31130.55679000,20658,13616282.87964840,15536.07260000,6794777.00868570
2020-08-17 23:59:59.999000,438.31000000,439.85000000,428.00000000,430.89000000,73911.35920000,36815,32064383.60456340,30650.59869000,13306389.10006390
2020-08-18 01:59:59.999000,430.89000000,433.81000000,428.50000000,429.61000000,52274.14008000,30298,22561313.97527910,25197.33961000,10876143.07579620
2020-08-18 03:59:59.999000,429.61000000,432.62000000,427.74000000,429.94000000,52875.77461000,25872,22738337.97591860,29143.06621000,12533227.11908200
2020-08-18 05:59:59.999000,429.93000000,430.25000000,426.18000000,428.16000000,47212.24885000,25158,20219975.23938890,20505.61104000,8782629.48569400
2020-08-18 07:59:59.999000,428.12000000,430.58000000,426.39000000,429.50000000,41890.17796000,22411,17960393.20472310,21512.28021000,9223293.68084490
2020-08-18 09:59:59.999000,429.50000000,431.19000000,428.41000000,429.11000000,44586.04356000,23360,19167383.10917160,22992.18672000,9883984.10341960
2020-08-18 11:59:59.999000,429.08000000,431.92000000,426.88000000,426.99000000,52045.45565000,26874,22375459.23855990,23010.30169000,9896918.10219530
2020-08-18 13:59:59.999000,427.00000000,430.30000000,421.17000000,426.04000000,94263.39616000,43842,40233153.03544490,43388.26918000,18536938.99435030
2020-08-18 15:59:59.999000,426.09000000,427.07000000,415.00000000,420.12000000,162963.87008000,74867,68611501.29628780,75048.45710000,31608427.03305160
2020-08-18 17:59:59.999000,420.13000000,425.10000000,416.83000000,423.16000000,74580.20080000,36517,31483226.74064450,38161.73071000,16118823.01375030
2020-08-18 19:59:59.999000,423.15000000,426.44000000,422.26000000,423.73000000,41757.87284000,21277,17731075.75701250,19205.11527000,8153591.36144380
2020-08-18 21:59:59.999000,423.73000000,429.28000000,423.73000000,427.03000000,36682.03245000,21219,15672117.16053870,19603.34896000,8375319.34850550
2020-08-18 23:59:59.999000,427.02000000,428.13000000,421.52000000,421.95000000,42123.35714000,22379,17881350.25995210,18998.26879000,8063745.31535030
2020-08-19 01:59:59.999000,421.92000000,426.75000000,420.10000000,423.08000000,43329.74383000,22059,18350430.59997470,19556.56205000,8283394.08816840
2020-08-19 03:59:59.999000,423.09000000,423.88000000,415.02000000,415.66000000,60209.19068000,30556,25253938.93839850,26284.47746000,11029957.59920990
2020-08-19 05:59:59.999000,415.66000000,417.01000000,406.18000000,408.50000000,163396.96475000,67480,67217738.41598510,72627.64993000,29880225.93295760
2020-08-19 07:59:59.999000,408.50000000,413.49000000,402.00000000,413.40000000,112447.01529000,50241,45806777.40739430,51831.66118000,21127629.72144050
2020-08-19 09:59:59.999000,413.37000000,416.23000000,411.07000000,413.44000000,66853.37817000,28897,27658919.45168210,28835.13853000,11932012.61932250
2020-08-19 11:59:59.999000,413.49000000,415.81000000,408.61000000,413.02000000,59420.93949000,28038,24509055.94245370,30850.60534000,12722501.61850900
2020-08-19 13:59:59.999000,412.98000000,415.34000000,409.53000000,412.37000000,55134.98939000,26096,22735756.69776080,27311.74445000,11264219.63604100
2020-08-19 15:59:59.999000,412.38000000,414.16000000,406.07000000,409.59000000,63083.74327000,30955,25863995.38044930,30398.06180000,12464582.13756450
2020-08-19 17:59:59.999000,409.59000000,412.00000000,400.82000000,408.21000000,84974.19626000,39949,34550315.33760360,39233.05694000,15957082.13306340
2020-08-19 19:59:59.999000,408.21000000,408.21000000,395.00000000,396.00000000,124338.50024000,55968,49812987.38067850,55616.15085000,22291740.47022820
2020-08-19 21:59:59.999000,395.89000000,408.93000000,393.25000000,405.09000000,101906.61100000,51287,40855622.67978450,52521.27900000,21057219.52743350
2020-08-19 23:59:59.999000,405.11000000,408.86000000,404.39000000,407.46000000,43244.41984000,24466,17593145.11456200,22481.18512000,9146420.34143600
2020-08-20 01:59:59.999000,407.46000000,415.27000000,407.46000000,410.18000000,60311.62649000,32013,24860076.19542170,30962.45015000,12762366.97440840
2020-08-20 03:59:59.999000,410.19000000,411.31000000,406.32000000,406.96000000,37571.27666000,23485,15348095.52578450,19224.59243000,7853586.35937410
2020-08-20 05:59:59.999000,406.97000000,408.46000000,402.71000000,404.21000000,40659.47073000,22975,16485127.20211060,19386.87964000,7860666.47372410
2020-08-20 07:59:59.999000,404.21000000,409.21000000,402.07000000,404.30000000,50954.27822000,27821,20712441.87440100,24369.16118000,9904218.47379580
2020-08-20 09:59:59.999000,404.30000000,411.39000000,403.22000000,409.63000000,46731.75646000,25360,19019496.62144190,24856.99949000,10121594.74789400
2020-08-20 11:59:59.999000,409.68000000,411.89000000,406.57000000,411.45000000,43345.62697000,22264,17713933.76637790,21191.32959000,8660891.52057090
2020-08-20 13:59:59.999000,411.47000000,412.61000000,408.41000000,412.45000000,63397.23700000,25177,26026495.89911030,39393.30474000,16177274.63343480
2020-08-20 15:59:59.999000,412.39000000,416.09000000,410.66000000,415.37000000,93820.71736000,36162,38841855.02692980,46509.67244000,19249779.24804050
2020-08-20 17:59:59.999000,415.36000000,417.99000000,413.61000000,413.71000000,91199.99998000,37322,37936077.66038600,44151.69914000,18370144.99470080
2020-08-20 19:59:59.999000,413.70000000,417.19000000,413.57000000,414.23000000,54312.57559000,27919,22544562.63572600,25706.89758000,10671122.23976220
2020-08-20 21:59:59.999000,414.24000000,418.98000000,414.16000000,416.10000000,40287.29578000,22762,16785838.61879530,20845.34338000,8686391.40544380
2020-08-20 23:59:59.999000,416.08000000,417.25000000,413.77000000,415.94000000,40963.87321000,19277,17018341.16385980,19518.08679000,8108899.56996610
2020-08-21 01:59:59.999000,415.94000000,418.68000000,410.01000000,411.65000000,52064.53705000,27623,21584763.04585030,24275.00904000,10066645.63716550
2020-08-21 03:59:59.999000,411.64000000,416.37000000,409.50000000,415.95000000,61327.61180000,33941,25279208.88151000,30040.30010000,12384247.92441590
2020-08-21 05:59:59.999000,415.95000000,416.62000000,413.34000000,413.95000000,48177.21716000,24690,19993083.10086130,21884.61178000,9081887.15630900
2020-08-21 07:59:59.999000,413.95000000,414.78000000,411.70000000,412.80000000,45688.51616000,22325,18883893.75194980,19907.97110000,8229533.36526400
2020-08-21 09:59:59.999000,412.81000000,412.81000000,408.18000000,408.49000000,64228.87027000,28105,26380468.51516490,28454.76526000,11689716.70199380
2020-08-21 11:59:59.999000,408.47000000,409.14000000,403.93000000,405.33000000,74648.37552000,37111,30376751.58202990,35681.46205000,14521023.45823000
2020-08-21 13:59:59.999000,405.31000000,407.91000000,399.44000000,402.06000000,114337.94021000,48938,46183742.11922910,53523.14008000,21620901.26575590
2020-08-21 15:59:59.999000,402.07000000,407.20000000,400.88000000,404.27000000,51256.55157000,28383,20741212.74897860,25435.40116000,10293432.72263700
2020-08-21 17:59:59.999000,404.21000000,406.70000000,399.00000000,403.00000000,76451.11747000,36389,30840461.61028970,34676.54111000,13996144.57935160
2020-08-21 19:59:59.999000,403.00000000,403.36000000,394.00000000,397.51000000,87901.50626000,40011,34993001.31102200,39027.44239000,15542470.84385530
2020-08-21 21:59:59.999000,397.57000000,401.50000000,385.10000000,388.54000000,103036.71260000,49508,40309636.14271750,43076.21977000,16867369.17250280
2020-08-21 23:59:59.999000,388.51000000,394.52000000,385.11000000,387.97000000,81879.76953000,37198,31889660.64370320,39104.44811000,15234313.67320880
2020-08-22 01:59:59.999000,387.93000000,388.31000000,379.92000000,385.11000000,117866.13281000,54179,45176838.02662580,53187.11322000,20397351.19075320
2020-08-22 03:59:59.999000,385.10000000,387.31000000,383.50000000,385.39000000,51088.43167000,25797,19692116.20479270,25307.95825000,9756189.04164320
2020-08-22 05:59:59.999000,385.39000000,386.30000000,381.58000000,386.07000000,45803.95237000,21472,17589689.33802660,21420.80222000,8226842.93009290
2020-08-22 07:59:59.999000,386.08000000,392.50000000,386.08000000,391.11000000,58842.04422000,29091,22941095.97149750,31440.34810000,12256279.97251490
2020-08-22 09:59:59.999000,391.10000000,395.29000000,389.75000000,392.45000000,60508.19555000,24413,23729574.66981870,31620.94230000,12406496.98541010
2020-08-22 11:59:59.999000,392.38000000,393.71000000,388.20000000,389.97000000,41705.13868000,20500,16291654.19333940,21945.55508000,8572822.22808790
2020-08-22 13:59:59.999000,390.00000000,393.60000000,389.10000000,391.30000000,57870.83208000,25313,22628097.24233570,25129.52031000,9827410.32814640
2020-08-22 15:59:59.999000,391.29000000,393.51000000,388.60000000,390.31000000,50404.95251000,23168,19719045.73045170,25570.63478000,10004980.95561600
2020-08-22 17:59:59.999000,390.33000000,391.44000000,388.29000000,390.87000000,42742.10999000,21193,16657086.94157720,20761.04396000,8090206.87204080
2020-08-22 19:59:59.999000,390.88000000,391.87000000,388.78000000,389.28000000,34134.13283000,17083,13333267.90312680,17867.55531000,6979807.30953520
2020-08-22 21:59:59.999000,389.29000000,393.60000000,387.33000000,393.60000000,31633.12061000,18329,12336221.23521120,15761.62516000,6150042.91423590
2020-08-22 23:59:59.999000,393.59000000,397.04000000,391.78000000,395.24000000,50636.72211000,24912,19975185.94042810,25079.54132000,9896067.69613540
2020-08-23 01:59:59.999000,395.23000000,396.95000000,391.88000000,393.45000000,43600.88009000,22075,17180816.27543790,20246.07641000,7977039.71317750
2020-08-23 03:59:59.999000,393.50000000,393.80000000,388.69000000,389.85000000,38839.66404000,18362,15176175.51118190,19090.82826000,7456902.43949240
2020-08-23 05:59:59.999000,389.85000000,390.20000000,387.35000000,388.95000000,29309.84530000,15427,11398571.50281000,13125.24346000,5104078.03792390
2020-08-23 07:59:59.999000,388.95000000,392.49000000,388.48000000,390.93000000,27662.88743000,13955,10819665.16580930,14147.41377000,5533258.96871380
2020-08-23 09:59:59.999000,390.94000000,391.33000000,388.50000000,389.83000000,37466.56435000,17562,14600240.38665560,17391.00501000,6776774.18176540
2020-08-23 11:59:59.999000,389.82000000,389.89000000,383.15000000,383.92000000,60896.62811000,26948,23546478.02264160,30498.84829000,11790228.88040670
2020-08-23 13:59:59.999000,383.99000000,392.60000000,383.29000000,388.89000000,54803.59042000,26244,21251420.31020730,26491.57073000,10269256.17524750
2020-08-23 15:59:59.999000,388.88000000,392.97000000,388.04000000,392.61000000,36378.09025000,17769,14198555.13321890,18944.43474000,7393387.05905200
2020-08-23 17:59:59.999000,392.66000000,392.88000000,389.21000000,390.38000000,20563.27917000,11499,8038592.32065530,9276.36332000,3626217.56201420
